<?xml version="1.0" encoding="UTF-8"?>
<!-- Generated by org.testng.reporters.JUnitXMLReporter -->
<testsuite ignored="0" hostname="Prabhat" failures="0" tests="4" name="Default test" time="173.334" errors="0" timestamp="2025-10-27T20:06:12 IST">
  <testcase classname="tests.Searchtest" name="searchProductTest" time="27.448"/>
  <testcase classname="tests.Searchtest" name="searchProductTest" time="20.591"/>
  <testcase classname="tests.Searchtest" name="searchProductTest" time="22.496"/>
  <testcase classname="tests.Searchtest" name="searchProductTest" time="38.368"/>
</testsuite> <!-- Default test -->
