<?xml version="1.0" encoding="UTF-8"?>
<testng-results ignored="0" total="4" passed="4" failed="0" skipped="0">
  <reporter-output>
  </reporter-output>
  <suite started-at="2025-10-27T20:03:18 IST" name="Default suite" finished-at="2025-10-27T20:06:12 IST" duration-ms="173334">
    <groups>
    </groups>
    <test started-at="2025-10-27T20:03:18 IST" name="Default test" finished-at="2025-10-27T20:06:12 IST" duration-ms="173334">
      <class name="tests.Searchtest">
        <test-method is-config="true" signature="setup()[pri:0, instance:tests.Searchtest@383bfa16]" started-at="2025-10-27T20:03:20 IST" name="setup" finished-at="2025-10-27T20:03:44 IST" duration-ms="24001" status="PASS">
          <reporter-output>
          </reporter-output>
        </test-method> <!-- setup -->
        <test-method signature="searchProductTest(java.lang.String,java.lang.String)[pri:0, instance:tests.Searchtest@383bfa16]" started-at="2025-10-27T20:03:44 IST" name="searchProductTest" data-provider="searchData" finished-at="2025-10-27T20:04:11 IST" duration-ms="27448" status="PASS">
          <params>
            <param index="0">
              <value>
                <![CDATA[iPhone ]]>
              </value>
            </param>
            <param index="1">
              <value>
                <![CDATA[iPhone  - Buy Products Online at Best Price in India]]>
              </value>
            </param>
          </params>
          <reporter-output>
          </reporter-output>
        </test-method> <!-- searchProductTest -->
        <test-method is-config="true" signature="tearDown()[pri:0, instance:tests.Searchtest@383bfa16]" started-at="2025-10-27T20:04:12 IST" name="tearDown" finished-at="2025-10-27T20:04:13 IST" duration-ms="1314" status="PASS">
          <reporter-output>
          </reporter-output>
        </test-method> <!-- tearDown -->
        <test-method is-config="true" signature="setup()[pri:0, instance:tests.Searchtest@383bfa16]" started-at="2025-10-27T20:04:13 IST" name="setup" finished-at="2025-10-27T20:04:23 IST" duration-ms="10577" status="PASS">
          <reporter-output>
          </reporter-output>
        </test-method> <!-- setup -->
        <test-method signature="searchProductTest(java.lang.String,java.lang.String)[pri:0, instance:tests.Searchtest@383bfa16]" started-at="2025-10-27T20:04:23 IST" name="searchProductTest" data-provider="searchData" finished-at="2025-10-27T20:04:44 IST" duration-ms="20591" status="PASS">
          <params>
            <param index="0">
              <value>
                <![CDATA[Shoes]]>
              </value>
            </param>
            <param index="1">
              <value>
                <![CDATA[Shoes - Buy Products Online at Best Price in India]]>
              </value>
            </param>
          </params>
          <reporter-output>
          </reporter-output>
        </test-method> <!-- searchProductTest -->
        <test-method is-config="true" signature="tearDown()[pri:0, instance:tests.Searchtest@383bfa16]" started-at="2025-10-27T20:04:44 IST" name="tearDown" finished-at="2025-10-27T20:04:45 IST" duration-ms="724" status="PASS">
          <reporter-output>
          </reporter-output>
        </test-method> <!-- tearDown -->
        <test-method is-config="true" signature="setup()[pri:0, instance:tests.Searchtest@383bfa16]" started-at="2025-10-27T20:04:45 IST" name="setup" finished-at="2025-10-27T20:04:58 IST" duration-ms="13188" status="PASS">
          <reporter-output>
          </reporter-output>
        </test-method> <!-- setup -->
        <test-method signature="searchProductTest(java.lang.String,java.lang.String)[pri:0, instance:tests.Searchtest@383bfa16]" started-at="2025-10-27T20:04:58 IST" name="searchProductTest" data-provider="searchData" finished-at="2025-10-27T20:05:20 IST" duration-ms="22496" status="PASS">
          <params>
            <param index="0">
              <value>
                <![CDATA[Laptop]]>
              </value>
            </param>
            <param index="1">
              <value>
                <![CDATA[Laptop - Buy Products Online at Best Price in India]]>
              </value>
            </param>
          </params>
          <reporter-output>
          </reporter-output>
        </test-method> <!-- searchProductTest -->
        <test-method is-config="true" signature="tearDown()[pri:0, instance:tests.Searchtest@383bfa16]" started-at="2025-10-27T20:05:20 IST" name="tearDown" finished-at="2025-10-27T20:05:21 IST" duration-ms="767" status="PASS">
          <reporter-output>
          </reporter-output>
        </test-method> <!-- tearDown -->
        <test-method is-config="true" signature="setup()[pri:0, instance:tests.Searchtest@383bfa16]" started-at="2025-10-27T20:05:21 IST" name="setup" finished-at="2025-10-27T20:05:32 IST" duration-ms="10888" status="PASS">
          <reporter-output>
          </reporter-output>
        </test-method> <!-- setup -->
        <test-method signature="searchProductTest(java.lang.String,java.lang.String)[pri:0, instance:tests.Searchtest@383bfa16]" started-at="2025-10-27T20:05:32 IST" name="searchProductTest" data-provider="searchData" finished-at="2025-10-27T20:06:10 IST" duration-ms="38368" status="PASS">
          <params>
            <param index="0">
              <value>
                <![CDATA[Washing Machine]]>
              </value>
            </param>
            <param index="1">
              <value>
                <![CDATA[Washing Machine- Buy Products Online at Best Price in India]]>
              </value>
            </param>
          </params>
          <reporter-output>
          </reporter-output>
        </test-method> <!-- searchProductTest -->
        <test-method is-config="true" signature="tearDown()[pri:0, instance:tests.Searchtest@383bfa16]" started-at="2025-10-27T20:06:11 IST" name="tearDown" finished-at="2025-10-27T20:06:12 IST" duration-ms="1111" status="PASS">
          <reporter-output>
          </reporter-output>
        </test-method> <!-- tearDown -->
      </class> <!-- tests.Searchtest -->
    </test> <!-- Default test -->
  </suite> <!-- Default suite -->
</testng-results>
